Removed Parameter Case-EIA:0603 from Part R27
Removed Parameter Case-EIA:0603 from Part R28
Removed Parameter Case-Metric:1608 from Part R27
Removed Parameter Case-Metric:1608 from Part R28
Removed Parameter Power:0.1 W from Part R27
Removed Parameter Power:0.1 W from Part R28
Removed Parameter Technology:SMT from Part R27
Removed Parameter Technology:SMT from Part R28
Removed Parameter Value:10000.00 Ohm from Part R27
Removed Parameter Value:10000.00 Ohm from Part R28
Change Value of Parameter Tolerance in Part R28 Old=1 % New=1%
Change Value of Parameter Tolerance in Part R27 Old=1 % New=1%
Added Parameter Case\/Package=0603 to Part R27
Added Parameter Case\/Package=0603 to Part R28
Added Parameter Case Code (Imperial)=0603 to Part R27
Added Parameter Case Code (Imperial)=0603 to Part R28
Added Parameter Case Code (Metric)=1608 to Part R27
Added Parameter Case Code (Metric)=1608 to Part R28
Added Parameter Composition=ThickFilm to Part R27
Added Parameter Composition=ThickFilm to Part R28
Added Parameter Contact Plating=Tin to Part R27
Added Parameter Contact Plating=Tin to Part R28
Added Parameter Datasheet URL=https://industrial.panasonic.com/cdbs/www-data/pdf/RDA0000/AOA0000C304.pdf to Part R27
Added Parameter Datasheet URL=https://industrial.panasonic.com/cdbs/www-data/pdf/RDA0000/AOA0000C304.pdf to Part R28
Added Parameter Datasheet Version=02/2017 to Part R27
Added Parameter Datasheet Version=02/2017 to Part R28
Added Parameter Depth=0.8mm to Part R27
Added Parameter Depth=0.8mm to Part R28
Added Parameter Height=0.45mm to Part R27
Added Parameter Height=0.45mm to Part R28
Added Parameter Lead Free=LeadFree to Part R27
Added Parameter Lead Free=LeadFree to Part R28
Added Parameter Length=1.6mm to Part R27
Added Parameter Length=1.6mm to Part R28
Added Parameter Manufacturer=Panasonic to Part R27
Added Parameter Manufacturer=Panasonic to Part R28
Added Parameter Manufacturer URL=http://www.panasonic.com/ to Part R27
Added Parameter Manufacturer URL=http://www.panasonic.com/ to Part R28
Added Parameter Max Operating Temperature=155degC to Part R27
Added Parameter Max Operating Temperature=155degC to Part R28
Added Parameter Max Power Dissipation=100mW to Part R27
Added Parameter Max Power Dissipation=100mW to Part R28
Added Parameter Military Standard=Not to Part R27
Added Parameter Military Standard=Not to Part R28
Added Parameter Min Operating Temperature=-55degC to Part R27
Added Parameter Min Operating Temperature=-55degC to Part R28
Added Parameter Mount=SurfaceMount to Part R27
Added Parameter Mount=SurfaceMount to Part R28
Added Parameter Mounting Technology=SurfaceMount to Part R27
Added Parameter Mounting Technology=SurfaceMount to Part R28
Added Parameter Number of Pins=2 to Part R27
Added Parameter Number of Pins=2 to Part R28
Added Parameter Number of Terminations=2 to Part R27
Added Parameter Number of Terminations=2 to Part R28
Added Parameter Package Description=2-Pin Surface Mount Device, Body 1.6 x 0.85 mm to Part R27
Added Parameter Package Description=2-Pin Surface Mount Device, Body 1.6 x 0.85 mm to Part R28
Added Parameter Package Quantity=1 to Part R27
Added Parameter Package Quantity=1 to Part R28
Added Parameter Package Reference=603 to Part R27
Added Parameter Package Reference=603 to Part R28
Added Parameter Packaging=TapeandReel to Part R27
Added Parameter Packaging=TapeandReel to Part R28
Added Parameter Power Rating=100mW to Part R27
Added Parameter Power Rating=100mW to Part R28
Added Parameter Radiation Hardening=No to Part R27
Added Parameter Radiation Hardening=No to Part R28
Added Parameter REACH SVHC=NoSVHC to Part R27
Added Parameter REACH SVHC=NoSVHC to Part R28
Added Parameter Resistance=10KOhm to Part R27
Added Parameter Resistance=10KOhm to Part R28
Added Parameter RoHSCompliant=true to Part R27
Added Parameter RoHSCompliant=true to Part R28
Added Parameter Temperature Coefficient=100ppm\/degreesC to Part R27
Added Parameter Temperature Coefficient=100ppm\/degreesC to Part R28
Added Parameter Termination=SMD/SMT to Part R27
Added Parameter Termination=SMD/SMT to Part R28
Added Parameter Voltage Rating (DC)=75V to Part R27
Added Parameter Voltage Rating (DC)=75V to Part R28
Added Parameter Voltage Rating=75V to Part R27
Added Parameter Voltage Rating=75V to Part R28
Added Parameter Width=0.031inch to Part R27
Added Parameter Width=0.031inch to Part R28
Update Managed Component R27 From CMP-1012-00623-3[10K 1% 0603(1608)] To CMP-1012-00623-3[ERJ3EKF1002V] in Memory.SchDoc
Update Managed Component R28 From CMP-1012-00623-3[10K 1% 0603(1608)] To CMP-1012-00623-3[ERJ3EKF1002V] in Memory.SchDoc
