Removed Parameter Case-EIA:0402 from Part R45
Removed Parameter Case-Metric:1005 from Part R45
Removed Parameter Power:0.063 W from Part R45
Removed Parameter Technology:SMT from Part R45
Removed Parameter Value:10000.00 Ohm from Part R45
Change Value of Parameter Tolerance in Part R45 Old=1 % New=1%
Added Parameter Case/Package=0402 to Part R45
Added Parameter Case Code (Imperial)=0402 to Part R45
Added Parameter Case Code (Metric)=1005 to Part R45
Added Parameter Composition=Thick Film to Part R45
Added Parameter Contact Plating=Tin to Part R45
Added Parameter Depth=0.5mm to Part R45
Added Parameter Features=Automotive AEC-Q200 to Part R45
Added Parameter Height=0.016inch to Part R45
Added Parameter Lead Free=Lead Free to Part R45
Added Parameter Length=0.039inch to Part R45
Added Parameter Max Operating Temperature=155°C to Part R45
Added Parameter Max Power Dissipation=63mW to Part R45
Added Parameter Military Standard=Not to Part R45
Added Parameter Min Operating Temperature=-55°C to Part R45
Added Parameter Number of Terminations=2 to Part R45
Added Parameter Packaging=Tape and Reel to Part R45
Added Parameter Radiation Hardening=No to Part R45
Added Parameter Resistance=10kR to Part R45
Added Parameter Temperature Coefficient=100ppm/°C to Part R45
Added Parameter Width=0.02inch to Part R45
Update Managed Component R45 From CMP-1011-00623-2[10K 1%] To CMP-1011-00623-2[CRCW040210K0FKEE] in Sensors.SchDoc
